# JRE version: OpenJDK Runtime Environment (11.0.10) (build 11.0.10+0-b96-7249189)
# Java VM: OpenJDK 64-Bit Server VM (11.0.10+0-b96-7249189, mixed mode, tiered, compressed oops, g1 gc, windows-amd64)
Heap:
 garbage-first heap   total 306176K, used 194656K [0x00000000a0000000, 0x0000000100000000)
  region size 1024K, 5 young (5120K), 1 survivors (1024K)
 Metaspace       used 101098K, capacity 105779K, committed 105932K, reserved 1140736K
  class space    used 13068K, capacity 14515K, committed 14540K, reserved 1048576K
GC Heap History (20 events):
Event: 33.735 GC heap before
{Heap before GC invocations=79 (full 0):
 garbage-first heap   total 306176K, used 218566K [0x00000000a0000000, 0x0000000100000000)
  region size 1024K, 56 young (57344K), 5 survivors (5120K)
 Metaspace       used 98124K, capacity 102654K, committed 102860K, reserved 1138688K
  class space    used 12781K, capacity 14164K, committed 14284K, reserved 1048576K
}
Event: 33.757 GC heap after
{Heap after GC invocations=80 (full 0):
 garbage-first heap   total 306176K, used 172015K [0x00000000a0000000, 0x0000000100000000)
  region size 1024K, 5 young (5120K), 5 survivors (5120K)
 Metaspace       used 98124K, capacity 102654K, committed 102860K, reserved 1138688K
  class space    used 12781K, capacity 14164K, committed 14284K, reserved 1048576K
}
Event: 35.185 GC heap before
{Heap before GC invocations=80 (full 0):
 garbage-first heap   total 306176K, used 229359K [0x00000000a0000000, 0x0000000100000000)
  region size 1024K, 62 young (63488K), 5 survivors (5120K)
 Metaspace       used 98752K, capacity 103296K, committed 103628K, reserved 1138688K
  class space    used 12826K, capacity 14196K, committed 14284K, reserved 1048576K
}
Event: 35.203 GC heap after
{Heap after GC invocations=81 (full 0):
 garbage-first heap   total 306176K, used 175777K [0x00000000a0000000, 0x0000000100000000)
  region size 1024K, 4 young (4096K), 4 survivors (4096K)
 Metaspace       used 98752K, capacity 103296K, committed 103628K, reserved 1138688K
  class space    used 12826K, capacity 14196K, committed 14284K, reserved 1048576K
}
Event: 36.505 GC heap before
{Heap before GC invocations=82 (full 0):
 garbage-first heap   total 306176K, used 233121K [0x00000000a0000000, 0x0000000100000000)
  region size 1024K, 61 young (62464K), 4 survivors (4096K)
 Metaspace       used 99277K, capacity 103902K, committed 104140K, reserved 1138688K
  class space    used 12875K, capacity 14277K, committed 14284K, reserved 1048576K
}
Event: 36.523 GC heap after
{Heap after GC invocations=83 (full 0):
 garbage-first heap   total 306176K, used 180655K [0x00000000a0000000, 0x0000000100000000)
  region size 1024K, 8 young (8192K), 8 survivors (8192K)
 Metaspace       used 99277K, capacity 103902K, committed 104140K, reserved 1138688K
  class space    used 12875K, capacity 14277K, committed 14284K, reserved 1048576K
}
Event: 36.677 GC heap before
{Heap before GC invocations=83 (full 0):
 garbage-first heap   total 306176K, used 185775K [0x00000000a0000000, 0x0000000100000000)
  region size 1024K, 14 young (14336K), 8 survivors (8192K)
 Metaspace       used 99328K, capacity 103908K, committed 104140K, reserved 1138688K
  class space    used 12875K, capacity 14277K, committed 14284K, reserved 1048576K
}
Event: 36.695 GC heap after
{Heap after GC invocations=84 (full 0):
 garbage-first heap   total 306176K, used 180735K [0x00000000a0000000, 0x0000000100000000)
  region size 1024K, 1 young (1024K), 1 survivors (1024K)
 Metaspace       used 99328K, capacity 103908K, committed 104140K, reserved 1138688K
  class space    used 12875K, capacity 14277K, committed 14284K, reserved 1048576K
}
Event: 38.088 GC heap before
{Heap before GC invocations=84 (full 0):
 garbage-first heap   total 306176K, used 238079K [0x00000000a0000000, 0x0000000100000000)
  region size 1024K, 58 young (59392K), 1 survivors (1024K)
 Metaspace       used 99658K, capacity 104291K, committed 104524K, reserved 1138688K
  class space    used 12890K, capacity 14303K, committed 14412K, reserved 1048576K
}
Event: 38.101 GC heap after
{Heap after GC invocations=85 (full 0):
 garbage-first heap   total 306176K, used 184670K [0x00000000a0000000, 0x0000000100000000)
  region size 1024K, 5 young (5120K), 5 survivors (5120K)
 Metaspace       used 99658K, capacity 104291K, committed 104524K, reserved 1138688K
  class space    used 12890K, capacity 14303K, committed 14412K, reserved 1048576K
}
Event: 39.791 GC heap before
{Heap before GC invocations=86 (full 0):
 garbage-first heap   total 306176K, used 243038K [0x00000000a0000000, 0x0000000100000000)
  region size 1024K, 63 young (64512K), 5 survivors (5120K)
 Metaspace       used 99910K, capacity 104628K, committed 104780K, reserved 1140736K
  class space    used 12891K, capacity 14302K, committed 14412K, reserved 1048576K
}
Event: 39.813 GC heap after
{Heap after GC invocations=87 (full 0):
 garbage-first heap   total 306176K, used 188821K [0x00000000a0000000, 0x0000000100000000)
  region size 1024K, 8 young (8192K), 8 survivors (8192K)
 Metaspace       used 99910K, capacity 104628K, committed 104780K, reserved 1140736K
  class space    used 12891K, capacity 14302K, committed 14412K, reserved 1048576K
}
Event: 39.982 GC heap before
{Heap before GC invocations=87 (full 0):
 garbage-first heap   total 306176K, used 194965K [0x00000000a0000000, 0x0000000100000000)
  region size 1024K, 14 young (14336K), 8 survivors (8192K)
 Metaspace       used 100569K, capacity 105264K, committed 105292K, reserved 1140736K
  class space    used 12983K, capacity 14408K, committed 14412K, reserved 1048576K
}
Event: 39.998 GC heap after
{Heap after GC invocations=88 (full 0):
 garbage-first heap   total 306176K, used 188524K [0x00000000a0000000, 0x0000000100000000)
  region size 1024K, 2 young (2048K), 2 survivors (2048K)
 Metaspace       used 100569K, capacity 105264K, committed 105292K, reserved 1140736K
  class space    used 12983K, capacity 14408K, committed 14412K, reserved 1048576K
}
Event: 40.020 GC heap before
{Heap before GC invocations=88 (full 0):
 garbage-first heap   total 306176K, used 188524K [0x00000000a0000000, 0x0000000100000000)
  region size 1024K, 3 young (3072K), 2 survivors (2048K)
 Metaspace       used 100569K, capacity 105264K, committed 105292K, reserved 1140736K
  class space    used 12983K, capacity 14408K, committed 14412K, reserved 1048576K
}
Event: 40.026 GC heap after
{Heap after GC invocations=89 (full 0):
 garbage-first heap   total 306176K, used 187788K [0x00000000a0000000, 0x0000000100000000)
  region size 1024K, 1 young (1024K), 1 survivors (1024K)
 Metaspace       used 100569K, capacity 105264K, committed 105292K, reserved 1140736K
  class space    used 12983K, capacity 14408K, committed 14412K, reserved 1048576K
}
Event: 47.188 GC heap before
{Heap before GC invocations=90 (full 0):
 garbage-first heap   total 306176K, used 250252K [0x00000000a0000000, 0x0000000100000000)
  region size 1024K, 61 young (62464K), 1 survivors (1024K)
 Metaspace       used 100613K, capacity 105277K, committed 105292K, reserved 1140736K
  class space    used 12988K, capacity 14412K, committed 14412K, reserved 1048576K
}
Event: 47.199 GC heap after
{Heap after GC invocations=91 (full 0):
 garbage-first heap   total 306176K, used 192033K [0x00000000a0000000, 0x0000000100000000)
  region size 1024K, 5 young (5120K), 5 survivors (5120K)
 Metaspace       used 100613K, capacity 105277K, committed 105292K, reserved 1140736K
  class space    used 12988K, capacity 14412K, committed 14412K, reserved 1048576K
}
Event: 47.357 GC heap before
{Heap before GC invocations=91 (full 0):
 garbage-first heap   total 306176K, used 201249K [0x00000000a0000000, 0x0000000100000000)
  region size 1024K, 14 young (14336K), 5 survivors (5120K)
 Metaspace       used 100914K, capacity 105607K, committed 105676K, reserved 1140736K
  class space    used 13046K, capacity 14500K, committed 14540K, reserved 1048576K
}
Event: 47.366 GC heap after
{Heap after GC invocations=92 (full 0):
 garbage-first heap   total 306176K, used 191584K [0x00000000a0000000, 0x0000000100000000)
  region size 1024K, 1 young (1024K), 1 survivors (1024K)
 Metaspace       used 100914K, capacity 105607K, committed 105676K, reserved 1140736K
  class space    used 13046K, capacity 14500K, committed 14540K, reserved 1048576K
}

