# JRE version: OpenJDK Runtime Environment (11.0.10) (build 11.0.10+0-b96-7249189)
# Java VM: OpenJDK 64-Bit Server VM (11.0.10+0-b96-7249189, mixed mode, tiered, compressed oops, g1 gc, windows-amd64)
Heap:
 garbage-first heap   total 262144K, used 192665K [0x00000000a0000000, 0x0000000100000000)
  region size 1024K, 13 young (13312K), 3 survivors (3072K)
 Metaspace       used 100858K, capacity 105383K, committed 105676K, reserved 1140736K
  class space    used 13052K, capacity 14470K, committed 14540K, reserved 1048576K
GC Heap History (20 events):
Event: 58.196 GC heap before
{Heap before GC invocations=126 (full 0):
 garbage-first heap   total 218112K, used 188793K [0x00000000a0000000, 0x0000000100000000)
  region size 1024K, 18 young (18432K), 3 survivors (3072K)
 Metaspace       used 99430K, capacity 103928K, committed 104140K, reserved 1138688K
  class space    used 12873K, capacity 14253K, committed 14284K, reserved 1048576K
}
Event: 58.204 GC heap after
{Heap after GC invocations=127 (full 0):
 garbage-first heap   total 218112K, used 175492K [0x00000000a0000000, 0x0000000100000000)
  region size 1024K, 3 young (3072K), 3 survivors (3072K)
 Metaspace       used 99430K, capacity 103928K, committed 104140K, reserved 1138688K
  class space    used 12873K, capacity 14253K, committed 14284K, reserved 1048576K
}
Event: 58.276 GC heap before
{Heap before GC invocations=127 (full 0):
 garbage-first heap   total 218112K, used 181636K [0x00000000a0000000, 0x0000000100000000)
  region size 1024K, 10 young (10240K), 3 survivors (3072K)
 Metaspace       used 99449K, capacity 103995K, committed 104140K, reserved 1138688K
  class space    used 12873K, capacity 14253K, committed 14284K, reserved 1048576K
}
Event: 58.286 GC heap after
{Heap after GC invocations=128 (full 0):
 garbage-first heap   total 218112K, used 175676K [0x00000000a0000000, 0x0000000100000000)
  region size 1024K, 2 young (2048K), 2 survivors (2048K)
 Metaspace       used 99449K, capacity 103995K, committed 104140K, reserved 1138688K
  class space    used 12873K, capacity 14253K, committed 14284K, reserved 1048576K
}
Event: 58.571 GC heap before
{Heap before GC invocations=128 (full 0):
 garbage-first heap   total 218112K, used 188988K [0x00000000a0000000, 0x0000000100000000)
  region size 1024K, 16 young (16384K), 2 survivors (2048K)
 Metaspace       used 99528K, capacity 104011K, committed 104140K, reserved 1138688K
  class space    used 12874K, capacity 14253K, committed 14284K, reserved 1048576K
}
Event: 58.578 GC heap after
{Heap after GC invocations=129 (full 0):
 garbage-first heap   total 218112K, used 176442K [0x00000000a0000000, 0x0000000100000000)
  region size 1024K, 2 young (2048K), 2 survivors (2048K)
 Metaspace       used 99528K, capacity 104011K, committed 104140K, reserved 1138688K
  class space    used 12874K, capacity 14253K, committed 14284K, reserved 1048576K
}
Event: 58.835 GC heap before
{Heap before GC invocations=129 (full 0):
 garbage-first heap   total 218112K, used 189754K [0x00000000a0000000, 0x0000000100000000)
  region size 1024K, 16 young (16384K), 2 survivors (2048K)
 Metaspace       used 99583K, capacity 104096K, committed 104140K, reserved 1138688K
  class space    used 12875K, capacity 14256K, committed 14284K, reserved 1048576K
}
Event: 58.841 GC heap after
{Heap after GC invocations=130 (full 0):
 garbage-first heap   total 218112K, used 177169K [0x00000000a0000000, 0x0000000100000000)
  region size 1024K, 1 young (1024K), 1 survivors (1024K)
 Metaspace       used 99583K, capacity 104096K, committed 104140K, reserved 1138688K
  class space    used 12875K, capacity 14256K, committed 14284K, reserved 1048576K
}
Event: 59.122 GC heap before
{Heap before GC invocations=130 (full 0):
 garbage-first heap   total 218112K, used 189457K [0x00000000a0000000, 0x0000000100000000)
  region size 1024K, 14 young (14336K), 1 survivors (1024K)
 Metaspace       used 99655K, capacity 104098K, committed 104140K, reserved 1138688K
  class space    used 12875K, capacity 14256K, committed 14284K, reserved 1048576K
}
Event: 59.128 GC heap after
{Heap after GC invocations=131 (full 0):
 garbage-first heap   total 218112K, used 178309K [0x00000000a0000000, 0x0000000100000000)
  region size 1024K, 2 young (2048K), 2 survivors (2048K)
 Metaspace       used 99655K, capacity 104098K, committed 104140K, reserved 1138688K
  class space    used 12875K, capacity 14256K, committed 14284K, reserved 1048576K
}
Event: 59.320 GC heap before
{Heap before GC invocations=131 (full 0):
 garbage-first heap   total 218112K, used 189573K [0x00000000a0000000, 0x0000000100000000)
  region size 1024K, 14 young (14336K), 2 survivors (2048K)
 Metaspace       used 99658K, capacity 104098K, committed 104140K, reserved 1138688K
  class space    used 12875K, capacity 14256K, committed 14284K, reserved 1048576K
}
Event: 59.326 GC heap after
{Heap after GC invocations=132 (full 0):
 garbage-first heap   total 218112K, used 179395K [0x00000000a0000000, 0x0000000100000000)
  region size 1024K, 2 young (2048K), 2 survivors (2048K)
 Metaspace       used 99658K, capacity 104098K, committed 104140K, reserved 1138688K
  class space    used 12875K, capacity 14256K, committed 14284K, reserved 1048576K
}
Event: 59.534 GC heap before
{Heap before GC invocations=132 (full 0):
 garbage-first heap   total 218112K, used 189635K [0x00000000a0000000, 0x0000000100000000)
  region size 1024K, 13 young (13312K), 2 survivors (2048K)
 Metaspace       used 100026K, capacity 104486K, committed 104780K, reserved 1140736K
  class space    used 12920K, capacity 14320K, committed 14412K, reserved 1048576K
}
Event: 59.538 GC heap after
{Heap after GC invocations=133 (full 0):
 garbage-first heap   total 218112K, used 179802K [0x00000000a0000000, 0x0000000100000000)
  region size 1024K, 2 young (2048K), 2 survivors (2048K)
 Metaspace       used 100026K, capacity 104486K, committed 104780K, reserved 1140736K
  class space    used 12920K, capacity 14320K, committed 14412K, reserved 1048576K
}
Event: 59.734 GC heap before
{Heap before GC invocations=133 (full 0):
 garbage-first heap   total 218112K, used 191066K [0x00000000a0000000, 0x0000000100000000)
  region size 1024K, 13 young (13312K), 2 survivors (2048K)
 Metaspace       used 100371K, capacity 104905K, committed 105036K, reserved 1140736K
  class space    used 12972K, capacity 14397K, committed 14412K, reserved 1048576K
}
Event: 59.740 GC heap after
{Heap after GC invocations=134 (full 0):
 garbage-first heap   total 218112K, used 181248K [0x00000000a0000000, 0x0000000100000000)
  region size 1024K, 2 young (2048K), 2 survivors (2048K)
 Metaspace       used 100371K, capacity 104905K, committed 105036K, reserved 1140736K
  class space    used 12972K, capacity 14397K, committed 14412K, reserved 1048576K
}
Event: 59.989 GC heap before
{Heap before GC invocations=134 (full 0):
 garbage-first heap   total 218112K, used 190464K [0x00000000a0000000, 0x0000000100000000)
  region size 1024K, 12 young (12288K), 2 survivors (2048K)
 Metaspace       used 100371K, capacity 104905K, committed 105036K, reserved 1140736K
  class space    used 12972K, capacity 14397K, committed 14412K, reserved 1048576K
}
Event: 59.998 GC heap after
{Heap after GC invocations=135 (full 0):
 garbage-first heap   total 262144K, used 181833K [0x00000000a0000000, 0x0000000100000000)
  region size 1024K, 1 young (1024K), 1 survivors (1024K)
 Metaspace       used 100371K, capacity 104905K, committed 105036K, reserved 1140736K
  class space    used 12972K, capacity 14397K, committed 14412K, reserved 1048576K
}
Event: 60.616 GC heap before
{Heap before GC invocations=136 (full 0):
 garbage-first heap   total 262144K, used 209481K [0x00000000a0000000, 0x0000000100000000)
  region size 1024K, 28 young (28672K), 1 survivors (1024K)
 Metaspace       used 100378K, capacity 104905K, committed 105036K, reserved 1140736K
  class space    used 12973K, capacity 14397K, committed 14412K, reserved 1048576K
}
Event: 60.621 GC heap after
{Heap after GC invocations=137 (full 0):
 garbage-first heap   total 262144K, used 183449K [0x00000000a0000000, 0x0000000100000000)
  region size 1024K, 3 young (3072K), 3 survivors (3072K)
 Metaspace       used 100378K, capacity 104905K, committed 105036K, reserved 1140736K
  class space    used 12973K, capacity 14397K, committed 14412K, reserved 1048576K
}

