# JRE version: OpenJDK Runtime Environment (11.0.10) (build 11.0.10+0-b96-7249189)
# Java VM: OpenJDK 64-Bit Server VM (11.0.10+0-b96-7249189, mixed mode, tiered, compressed oops, g1 gc, windows-amd64)
Heap:
 garbage-first heap   total 254976K, used 190769K [0x00000000a0000000, 0x0000000100000000)
  region size 1024K, 9 young (9216K), 1 survivors (1024K)
 Metaspace       used 100827K, capacity 105426K, committed 105680K, reserved 1140736K
  class space    used 13040K, capacity 14465K, committed 14592K, reserved 1048576K
GC Heap History (20 events):
Event: 66.461 GC heap before
{Heap before GC invocations=89 (full 0):
 garbage-first heap   total 254976K, used 205078K [0x00000000a0000000, 0x0000000100000000)
  region size 1024K, 44 young (45056K), 5 survivors (5120K)
 Metaspace       used 98526K, capacity 102922K, committed 102992K, reserved 1138688K
  class space    used 12800K, capacity 14138K, committed 14208K, reserved 1048576K
}
Event: 66.499 GC heap after
{Heap after GC invocations=90 (full 0):
 garbage-first heap   total 254976K, used 169098K [0x00000000a0000000, 0x0000000100000000)
  region size 1024K, 3 young (3072K), 3 survivors (3072K)
 Metaspace       used 98526K, capacity 102922K, committed 102992K, reserved 1138688K
  class space    used 12800K, capacity 14138K, committed 14208K, reserved 1048576K
}
Event: 68.697 GC heap before
{Heap before GC invocations=90 (full 0):
 garbage-first heap   total 254976K, used 208010K [0x00000000a0000000, 0x0000000100000000)
  region size 1024K, 42 young (43008K), 3 survivors (3072K)
 Metaspace       used 98854K, capacity 103245K, committed 103504K, reserved 1138688K
  class space    used 12810K, capacity 14147K, committed 14208K, reserved 1048576K
}
Event: 68.711 GC heap after
{Heap after GC invocations=91 (full 0):
 garbage-first heap   total 254976K, used 171898K [0x00000000a0000000, 0x0000000100000000)
  region size 1024K, 6 young (6144K), 6 survivors (6144K)
 Metaspace       used 98854K, capacity 103245K, committed 103504K, reserved 1138688K
  class space    used 12810K, capacity 14147K, committed 14208K, reserved 1048576K
}
Event: 71.352 GC heap before
{Heap before GC invocations=92 (full 0):
 garbage-first heap   total 254976K, used 209786K [0x00000000a0000000, 0x0000000100000000)
  region size 1024K, 44 young (45056K), 6 survivors (6144K)
 Metaspace       used 99203K, capacity 103626K, committed 103760K, reserved 1138688K
  class space    used 12844K, capacity 14202K, committed 14208K, reserved 1048576K
}
Event: 71.390 GC heap after
{Heap after GC invocations=93 (full 0):
 garbage-first heap   total 254976K, used 175211K [0x00000000a0000000, 0x0000000100000000)
  region size 1024K, 6 young (6144K), 6 survivors (6144K)
 Metaspace       used 99203K, capacity 103626K, committed 103760K, reserved 1138688K
  class space    used 12844K, capacity 14202K, committed 14208K, reserved 1048576K
}
Event: 71.742 GC heap before
{Heap before GC invocations=93 (full 0):
 garbage-first heap   total 254976K, used 181355K [0x00000000a0000000, 0x0000000100000000)
  region size 1024K, 12 young (12288K), 6 survivors (6144K)
 Metaspace       used 99242K, capacity 103639K, committed 103760K, reserved 1138688K
  class space    used 12844K, capacity 14202K, committed 14208K, reserved 1048576K
}
Event: 71.780 GC heap after
{Heap after GC invocations=94 (full 0):
 garbage-first heap   total 254976K, used 175038K [0x00000000a0000000, 0x0000000100000000)
  region size 1024K, 1 young (1024K), 1 survivors (1024K)
 Metaspace       used 99242K, capacity 103639K, committed 103760K, reserved 1138688K
  class space    used 12844K, capacity 14202K, committed 14208K, reserved 1048576K
}
Event: 73.319 GC heap before
{Heap before GC invocations=94 (full 0):
 garbage-first heap   total 254976K, used 212926K [0x00000000a0000000, 0x0000000100000000)
  region size 1024K, 39 young (39936K), 1 survivors (1024K)
 Metaspace       used 99489K, capacity 104057K, committed 104144K, reserved 1138688K
  class space    used 12873K, capacity 14252K, committed 14336K, reserved 1048576K
}
Event: 73.334 GC heap after
{Heap after GC invocations=95 (full 0):
 garbage-first heap   total 254976K, used 177598K [0x00000000a0000000, 0x0000000100000000)
  region size 1024K, 4 young (4096K), 4 survivors (4096K)
 Metaspace       used 99489K, capacity 104057K, committed 104144K, reserved 1138688K
  class space    used 12873K, capacity 14252K, committed 14336K, reserved 1048576K
}
Event: 74.996 GC heap before
{Heap before GC invocations=96 (full 0):
 garbage-first heap   total 254976K, used 214462K [0x00000000a0000000, 0x0000000100000000)
  region size 1024K, 41 young (41984K), 4 survivors (4096K)
 Metaspace       used 99680K, capacity 104217K, committed 104400K, reserved 1138688K
  class space    used 12875K, capacity 14255K, committed 14336K, reserved 1048576K
}
Event: 75.016 GC heap after
{Heap after GC invocations=97 (full 0):
 garbage-first heap   total 254976K, used 180164K [0x00000000a0000000, 0x0000000100000000)
  region size 1024K, 3 young (3072K), 3 survivors (3072K)
 Metaspace       used 99680K, capacity 104217K, committed 104400K, reserved 1138688K
  class space    used 12875K, capacity 14255K, committed 14336K, reserved 1048576K
}
Event: 75.470 GC heap before
{Heap before GC invocations=97 (full 0):
 garbage-first heap   total 254976K, used 189380K [0x00000000a0000000, 0x0000000100000000)
  region size 1024K, 12 young (12288K), 3 survivors (3072K)
 Metaspace       used 99715K, capacity 104221K, committed 104400K, reserved 1138688K
  class space    used 12875K, capacity 14255K, committed 14336K, reserved 1048576K
}
Event: 75.486 GC heap after
{Heap after GC invocations=98 (full 0):
 garbage-first heap   total 254976K, used 180650K [0x00000000a0000000, 0x0000000100000000)
  region size 1024K, 2 young (2048K), 2 survivors (2048K)
 Metaspace       used 99715K, capacity 104221K, committed 104400K, reserved 1138688K
  class space    used 12875K, capacity 14255K, committed 14336K, reserved 1048576K
}
Event: 77.689 GC heap before
{Heap before GC invocations=98 (full 0):
 garbage-first heap   total 254976K, used 203178K [0x00000000a0000000, 0x0000000100000000)
  region size 1024K, 26 young (26624K), 2 survivors (2048K)
 Metaspace       used 100392K, capacity 104989K, committed 105296K, reserved 1140736K
  class space    used 12968K, capacity 14362K, committed 14464K, reserved 1048576K
}
Event: 77.699 GC heap after
{Heap after GC invocations=99 (full 0):
 garbage-first heap   total 254976K, used 181620K [0x00000000a0000000, 0x0000000100000000)
  region size 1024K, 3 young (3072K), 3 survivors (3072K)
 Metaspace       used 100392K, capacity 104989K, committed 105296K, reserved 1140736K
  class space    used 12968K, capacity 14362K, committed 14464K, reserved 1048576K
}
Event: 79.627 GC heap before
{Heap before GC invocations=100 (full 0):
 garbage-first heap   total 254976K, used 217460K [0x00000000a0000000, 0x0000000100000000)
  region size 1024K, 38 young (38912K), 3 survivors (3072K)
 Metaspace       used 100404K, capacity 104992K, committed 105296K, reserved 1140736K
  class space    used 12969K, capacity 14363K, committed 14464K, reserved 1048576K
}
Event: 79.642 GC heap after
{Heap after GC invocations=101 (full 0):
 garbage-first heap   total 254976K, used 184131K [0x00000000a0000000, 0x0000000100000000)
  region size 1024K, 5 young (5120K), 5 survivors (5120K)
 Metaspace       used 100404K, capacity 104992K, committed 105296K, reserved 1140736K
  class space    used 12969K, capacity 14363K, committed 14464K, reserved 1048576K
}
Event: 79.669 GC heap before
{Heap before GC invocations=101 (full 0):
 garbage-first heap   total 254976K, used 190275K [0x00000000a0000000, 0x0000000100000000)
  region size 1024K, 12 young (12288K), 5 survivors (5120K)
 Metaspace       used 100405K, capacity 104992K, committed 105296K, reserved 1140736K
  class space    used 12969K, capacity 14363K, committed 14464K, reserved 1048576K
}
Event: 79.710 GC heap after
{Heap after GC invocations=102 (full 0):
 garbage-first heap   total 254976K, used 183601K [0x00000000a0000000, 0x0000000100000000)
  region size 1024K, 1 young (1024K), 1 survivors (1024K)
 Metaspace       used 100405K, capacity 104992K, committed 105296K, reserved 1140736K
  class space    used 12969K, capacity 14363K, committed 14464K, reserved 1048576K
}

