# JRE version: OpenJDK Runtime Environment (11.0.10) (build 11.0.10+0-b96-7249189)
# Java VM: OpenJDK 64-Bit Server VM (11.0.10+0-b96-7249189, mixed mode, tiered, compressed oops, g1 gc, windows-amd64)
Heap:
 garbage-first heap   total 211968K, used 178446K [0x00000000a0000000, 0x0000000100000000)
  region size 1024K, 2 young (2048K), 2 survivors (2048K)
 Metaspace       used 103853K, capacity 108908K, committed 109008K, reserved 1150976K
  class space    used 13542K, capacity 15044K, committed 15104K, reserved 1048576K
GC Heap History (20 events):
Event: 83.781 GC heap before
{Heap before GC invocations=148 (full 0):
 garbage-first heap   total 211968K, used 183077K [0x00000000a0000000, 0x0000000100000000)
  region size 1024K, 9 young (9216K), 1 survivors (1024K)
 Metaspace       used 103381K, capacity 108444K, committed 108624K, reserved 1142784K
  class space    used 13477K, capacity 14976K, committed 14976K, reserved 1048576K
}
Event: 83.788 GC heap after
{Heap after GC invocations=149 (full 0):
 garbage-first heap   total 211968K, used 175867K [0x00000000a0000000, 0x0000000100000000)
  region size 1024K, 2 young (2048K), 2 survivors (2048K)
 Metaspace       used 103381K, capacity 108444K, committed 108624K, reserved 1142784K
  class space    used 13477K, capacity 14976K, committed 14976K, reserved 1048576K
}
Event: 84.270 GC heap before
{Heap before GC invocations=149 (full 0):
 garbage-first heap   total 211968K, used 188155K [0x00000000a0000000, 0x0000000100000000)
  region size 1024K, 11 young (11264K), 2 survivors (2048K)
 Metaspace       used 103428K, capacity 108525K, committed 108752K, reserved 1142784K
  class space    used 13483K, capacity 14982K, committed 15104K, reserved 1048576K
}
Event: 84.283 GC heap after
{Heap after GC invocations=150 (full 0):
 garbage-first heap   total 211968K, used 178198K [0x00000000a0000000, 0x0000000100000000)
  region size 1024K, 2 young (2048K), 2 survivors (2048K)
 Metaspace       used 103428K, capacity 108525K, committed 108752K, reserved 1142784K
  class space    used 13483K, capacity 14982K, committed 15104K, reserved 1048576K
}
Event: 84.931 GC heap before
{Heap before GC invocations=151 (full 0):
 garbage-first heap   total 211968K, used 186390K [0x00000000a0000000, 0x0000000100000000)
  region size 1024K, 10 young (10240K), 2 survivors (2048K)
 Metaspace       used 103438K, capacity 108528K, committed 108752K, reserved 1142784K
  class space    used 13483K, capacity 14982K, committed 15104K, reserved 1048576K
}
Event: 84.937 GC heap after
{Heap after GC invocations=152 (full 0):
 garbage-first heap   total 211968K, used 178800K [0x00000000a0000000, 0x0000000100000000)
  region size 1024K, 1 young (1024K), 1 survivors (1024K)
 Metaspace       used 103438K, capacity 108528K, committed 108752K, reserved 1142784K
  class space    used 13483K, capacity 14982K, committed 15104K, reserved 1048576K
}
Event: 85.448 GC heap before
{Heap before GC invocations=152 (full 0):
 garbage-first heap   total 211968K, used 188016K [0x00000000a0000000, 0x0000000100000000)
  region size 1024K, 10 young (10240K), 1 survivors (1024K)
 Metaspace       used 103438K, capacity 108528K, committed 108752K, reserved 1142784K
  class space    used 13483K, capacity 14982K, committed 15104K, reserved 1048576K
}
Event: 85.473 GC heap after
{Heap after GC invocations=153 (full 0):
 garbage-first heap   total 211968K, used 176023K [0x00000000a0000000, 0x0000000100000000)
  region size 1024K, 1 young (1024K), 1 survivors (1024K)
 Metaspace       used 103438K, capacity 108528K, committed 108752K, reserved 1142784K
  class space    used 13483K, capacity 14982K, committed 15104K, reserved 1048576K
}
Event: 86.227 GC heap before
{Heap before GC invocations=153 (full 0):
 garbage-first heap   total 211968K, used 184215K [0x00000000a0000000, 0x0000000100000000)
  region size 1024K, 10 young (10240K), 1 survivors (1024K)
 Metaspace       used 103438K, capacity 108528K, committed 108752K, reserved 1142784K
  class space    used 13483K, capacity 14982K, committed 15104K, reserved 1048576K
}
Event: 86.234 GC heap after
{Heap after GC invocations=154 (full 0):
 garbage-first heap   total 211968K, used 176352K [0x00000000a0000000, 0x0000000100000000)
  region size 1024K, 2 young (2048K), 2 survivors (2048K)
 Metaspace       used 103438K, capacity 108528K, committed 108752K, reserved 1142784K
  class space    used 13483K, capacity 14982K, committed 15104K, reserved 1048576K
}
Event: 87.039 GC heap before
{Heap before GC invocations=154 (full 0):
 garbage-first heap   total 211968K, used 184544K [0x00000000a0000000, 0x0000000100000000)
  region size 1024K, 10 young (10240K), 2 survivors (2048K)
 Metaspace       used 103442K, capacity 108528K, committed 108752K, reserved 1142784K
  class space    used 13485K, capacity 14982K, committed 15104K, reserved 1048576K
}
Event: 87.043 GC heap after
{Heap after GC invocations=155 (full 0):
 garbage-first heap   total 211968K, used 176792K [0x00000000a0000000, 0x0000000100000000)
  region size 1024K, 2 young (2048K), 2 survivors (2048K)
 Metaspace       used 103442K, capacity 108528K, committed 108752K, reserved 1142784K
  class space    used 13485K, capacity 14982K, committed 15104K, reserved 1048576K
}
Event: 87.532 GC heap before
{Heap before GC invocations=155 (full 0):
 garbage-first heap   total 211968K, used 184984K [0x00000000a0000000, 0x0000000100000000)
  region size 1024K, 10 young (10240K), 2 survivors (2048K)
 Metaspace       used 103455K, capacity 108529K, committed 108752K, reserved 1142784K
  class space    used 13485K, capacity 14982K, committed 15104K, reserved 1048576K
}
Event: 87.535 GC heap after
{Heap after GC invocations=156 (full 0):
 garbage-first heap   total 211968K, used 177412K [0x00000000a0000000, 0x0000000100000000)
  region size 1024K, 2 young (2048K), 2 survivors (2048K)
 Metaspace       used 103455K, capacity 108529K, committed 108752K, reserved 1142784K
  class space    used 13485K, capacity 14982K, committed 15104K, reserved 1048576K
}
Event: 87.795 GC heap before
{Heap before GC invocations=156 (full 0):
 garbage-first heap   total 211968K, used 185604K [0x00000000a0000000, 0x0000000100000000)
  region size 1024K, 10 young (10240K), 2 survivors (2048K)
 Metaspace       used 103462K, capacity 108529K, committed 108752K, reserved 1142784K
  class space    used 13485K, capacity 14982K, committed 15104K, reserved 1048576K
}
Event: 87.800 GC heap after
{Heap after GC invocations=157 (full 0):
 garbage-first heap   total 211968K, used 178413K [0x00000000a0000000, 0x0000000100000000)
  region size 1024K, 2 young (2048K), 2 survivors (2048K)
 Metaspace       used 103462K, capacity 108529K, committed 108752K, reserved 1142784K
  class space    used 13485K, capacity 14982K, committed 15104K, reserved 1048576K
}
Event: 88.387 GC heap before
{Heap before GC invocations=157 (full 0):
 garbage-first heap   total 211968K, used 185581K [0x00000000a0000000, 0x0000000100000000)
  region size 1024K, 10 young (10240K), 2 survivors (2048K)
 Metaspace       used 103664K, capacity 108703K, committed 109008K, reserved 1142784K
  class space    used 13519K, capacity 14996K, committed 15104K, reserved 1048576K
}
Event: 88.394 GC heap after
{Heap after GC invocations=158 (full 0):
 garbage-first heap   total 211968K, used 178416K [0x00000000a0000000, 0x0000000100000000)
  region size 1024K, 2 young (2048K), 2 survivors (2048K)
 Metaspace       used 103664K, capacity 108703K, committed 109008K, reserved 1142784K
  class space    used 13519K, capacity 14996K, committed 15104K, reserved 1048576K
}
Event: 187.296 GC heap before
{Heap before GC invocations=158 (full 0):
 garbage-first heap   total 211968K, used 181488K [0x00000000a0000000, 0x0000000100000000)
  region size 1024K, 6 young (6144K), 2 survivors (2048K)
 Metaspace       used 103853K, capacity 108908K, committed 109008K, reserved 1148928K
  class space    used 13542K, capacity 15044K, committed 15104K, reserved 1048576K
}
Event: 187.601 GC heap after
{Heap after GC invocations=159 (full 0):
 garbage-first heap   total 211968K, used 178446K [0x00000000a0000000, 0x0000000100000000)
  region size 1024K, 2 young (2048K), 2 survivors (2048K)
 Metaspace       used 103853K, capacity 108908K, committed 109008K, reserved 1148928K
  class space    used 13542K, capacity 15044K, committed 15104K, reserved 1048576K
}

